<?xml version="1.0" encoding="UTF-8"?>
<!-- Generated by org.testng.reporters.JUnitXMLReporter -->
<testsuite ignored="0" hostname="LAPTOP-JA37TN5O" failures="0" tests="2" name="Default test" time="25.682" errors="0" timestamp="2023-02-23T15:26:06 IST">
  <testcase classname="neoStoxTestClasses.ValidatingUserNameUsingListener" name="validateACCOUNTBALANCE" time="0.089"/>
  <testcase classname="neoStoxTestClasses.ValidatingUserNameUsingListener" name="validateUSERNAME" time="0.037"/>
</testsuite> <!-- Default test -->
